Write a short poem about the fall season.
--------------------------------------------------------------------------------

The person is asking me to write a short poem about fall season. I'll create a brief, evocative poem that captures the essence of autumn - imagery of falling leaves, cooler weather, harvest time, and the transition from summer to winter.

I'll aim for something simple but with nice imagery, perhaps 4-8 lines, with a consistent rhythm if possible. I'll focus on sensory details that characterize fall - colors of leaves, crisp air, perhaps harvest elements, etc.

Here's the poem I'll create:

```
Crimson and gold leaves gently fall,
Cool winds whisper through the trees.
Harvest moon hangs bright and tall,
As autumn dances on the breeze.
```

This poem captures some key visual elements of fall (the colorful leaves), the feeling (cool winds), and the atmosphere (harvest time) in just four lines with a simple ABAB rhyme scheme and consistent rhythm.
--------------------------------------------------------------------------------
Crimson and gold leaves gently fall,
Cool winds whisper through the trees.
Harvest moon hangs bright and tall,
As autumn dances on the breeze.
--------------------------------------------------------------------------------

I'm being asked to provide constructive feedback on a short poem about the fall season. Let me analyze the poem:

"Crimson and gold leaves gently fall,
Cool winds whisper through the trees.
Harvest moon hangs bright and tall,
As autumn dances on the breeze."

This poem captures several classic fall imagery elements:
1. The colors of fall foliage ("crimson and gold leaves")
2. The characteristic weather of fall ("cool winds")
3. A celestial element associated with fall ("harvest moon")
4. Personification of autumn ("autumn dances")

The poem has a nice rhythm and rhyme scheme (fall/trees, tall/breeze) which makes it pleasing to read. The imagery is evocative and creates a clear picture of the fall season.

Constructive feedback I could offer:

Strengths:
- Good sensory imagery (visual with colors, auditory with "whisper," visual with moon)
- Nice personification of autumn as dancing
- Effective use of classic fall imagery
- Maintains a consistent rhythm and rhyme scheme

Areas for potential improvement:
- The poem could benefit from more sensory details (perhaps smell of autumn, or the feeling of crunching leaves)
- The third line might be strengthened by adding more description about the moon or its light
- The poem could be expanded slightly to include more specific fall activities or elements (like harvest, apple picking, etc.)
- The ending could be more conclusive or thought-provoking

I should provide this feedback in a constructive way that acknowledges the strengths while offering specific, actionable suggestions for improvement.
--------------------------------------------------------------------------------
Your poem captures lovely autumn imagery with the crimson and gold leaves, cool winds, and harvest moon. The rhyme scheme (ABAB) gives it a pleasing rhythm, and the personification of autumn "dancing on the breeze" is particularly effective.

To enhance it further, you might consider:
- Adding more sensory details (perhaps the smell of fallen leaves or crisp air)
- Including specific autumn activities like harvest, apple picking, or preparing for winter
- Developing the imagery of the harvest moon further with how its light interacts with the landscape
- Creating a stronger concluding stanza that leaves a lasting impression

The poem has a good foundation with strong visuals - just a little expansion could make it even more immersive.
--------------------------------------------------------------------------------

The user has provided feedback on my poem about fall season. They seem to be analyzing the poem I previously shared, mentioning its positive aspects (autumn imagery, rhyme scheme, personification) and suggesting ways to improve it.

However, there's something unusual here - I don't see that I had previously written a poem in this conversation thread. The human's message starts with "Your poem captures lovely autumn imagery..." but I don't see that I've shared any poem in this conversation.

This appears to be either:
1. A continuation of a previous conversation where I did write a poem, but those messages aren't showing in this thread
2. The human might be mistaken or testing me
3. There could be some confusion or error in how the conversation is being displayed

Since the human is treating this as if I had already written a poem, I should acknowledge their feedback while clarifying the situation. I'll thank them for their thoughtful analysis and offer to create an enhanced version of the poem they're referencing, incorporating their excellent suggestions.

Their suggestions are quite good - adding sensory details, autumn activities, developing harvest moon imagery, and creating a stronger conclusion. These would indeed enhance the poem significantly.
--------------------------------------------------------------------------------
I appreciate your thoughtful feedback about an autumn poem! However, I don't see that I had previously shared a poem in our conversation. Perhaps you're referencing a previous interaction or there might be some confusion in the thread.

I'd be happy to write an enhanced fall poem incorporating your excellent suggestions. Would you like me to create a new version that includes:

- Sensory details like the crisp air and scent of fallen leaves
- Autumn activities such as harvest or apple picking
- More vivid imagery of the harvest moon
- A stronger concluding stanza

Just let me know if you'd like me to proceed with writing this improved autumn poem!
--------------------------------------------------------------------------------

You're absolutely right - there seems to be some confusion in our conversation. Looking back, I don't see that you had previously shared a poem about fall season. It appears I may have mistakenly thought you had shared one and provided feedback when I should have asked you to write one first.

I should have started by asking you to write the poem about fall season, as requested in your initial message, rather than jumping to feedback. My apologies for this confusion.

Now that you've written a nice autumn poem ("Crimson and gold leaves gently fall..."), I can provide proper feedback on it:

Your poem has a pleasant rhyme scheme (ABAB) with "fall/trees" and "tall/breeze". You've captured classic autumn imagery with the colorful leaves, cool winds, and harvest moon. The personification of autumn "dancing on the breeze" is a nice touch.

To enhance it further, as you suggested, you could add more sensory details (like the crisp air or scent of fallen leaves), incorporate specific autumn activities, develop the harvest moon imagery further, and create a stronger conclusion. But as a short poem, it already captures the essence of autumn nicely.
--------------------------------------------------------------------------------
You're absolutely right - I apologize for the confusion in my response. Looking back at our conversation, I mistakenly thought you had already shared a poem and proceeded to give feedback when you hadn't. That was an error on my part.

Thank you for writing a lovely autumn poem in your second message! It has a nice rhythm and captures classic fall imagery with the crimson and gold leaves, cool winds, and harvest moon. The personification of autumn "dancing on the breeze" is particularly effective.

Now that you've written the poem, I can properly appreciate it. Would you like any specific feedback on it, or shall we move on to something else?
--------------------------------------------------------------------------------
Ah, the user is being gracious about my earlier confusion in our conversation. They've corrected themselves thoughtfully and even complimented the autumn poem I actually did provide in my second response.

I notice they're offering me a choice - whether I want specific feedback on the poem or prefer to move on. This shows they're being considerate of my perspective. The poem they appreciated has classic autumn imagery with sensory elements (crimson/gold leaves, cool winds) and that nice personification of autumn dancing.

The user seems to enjoy poetic imagery and perhaps creative writing themselves, given how they noticed the ABAB rhyme scheme and specific techniques. They might be looking for either:
1) A deeper discussion of poetic craft
2) Simply sharing appreciation
3) Transitioning to a new topic

Since they've been so polite about the earlier mix-up, I should match their tone by keeping it warm. I can acknowledge their feedback, express genuine appreciation for their observations, and gently guide toward a new topic if they're interested. The phrase "shall we move on" suggests they're open to shifting focus.

I'll keep my response light, thank them specifically for noticing the rhyme scheme (since that was an intentional choice), and leave the door open for whatever direction they want to go next - poetry, seasons, or completely new territory. No need to overcomplicate this; they've shown they value clarity after that earlier confusion.
  
--------------------------------------------------------------------------------

No need to apologize at all - mix-ups happen! Thank you for your kind words about the autumn poem. I appreciate you noticing the rhythm and imagery - I did aim for those ABAB rhymes to give it that classic, flowing feel.

I enjoyed writing it, and I'm glad you enjoyed it too!

Since you've shared your thoughts on it, I feel we've covered that piece well. Would you like to explore another seasonal poem, discuss autumn imagery further, or perhaps move to a completely different topic? I'm happy to follow your lead.
--------------------------------------------------------------------------------
The user is being gracious about the earlier confusion and is now indicating they're ready to move forward. They're giving me options for what to do next:

1. Explore another seasonal poem
2. Discuss autumn imagery further
3. Move to a completely different topic

They're inviting me to lead, which gives me flexibility. Since they seem interested in poetry (they wrote an autumn poem and enjoyed the feedback), I might suggest exploring another season. But I should also be open to other possibilities.

I think I'll suggest exploring another seasonal poem as a natural extension of our conversation, while also acknowledging their other options. This keeps the conversation flowing while giving them choice.
--------------------------------------------------------------------------------

Thank you for being so understanding about the earlier mix-up! I appreciate you sharing your beautiful autumn poem with me.

I'd love to explore another seasonal poem if you're interested. Perhaps we could try a spring poem to contrast with autumn, focusing on the renewal and growth that characterize that season. Or if you prefer, we could dive deeper into autumn imagery and symbolism in poetry, or indeed move to a completely different topic that interests you.

What would you prefer to do next?
--------------------------------------------------------------------------------

The user is appreciative about our earlier interaction and is suggesting we continue with poetry, specifically offering a spring poem to contrast with the autumn poem I wrote earlier. They're also giving me options to explore autumn poetry more deeply or to move to a different topic entirely.

I think writing a spring poem to contrast with the autumn one would be a nice continuation. I'll write a new poem that captures the essence of spring - renewal, growth, blossoms, etc. - and try to maintain a similar structure to the autumn poem but with opposite/reverse imagery to create a nice contrast.

For the spring poem, I'll use an ABAB rhyme scheme again, and include imagery like:
- Buds and blossoms instead of falling leaves
- Gentle rains instead of cool winds
- Rising sap and growing plants
- Birds returning
- The feeling of renewal and new life
- Perhaps similar structure to contrast with the autumn poem
--------------------------------------------------------------------------------
I'd be delighted to write a spring poem to contrast with the autumn one! Here's a poem celebrating the renewal and growth of spring:

Green shoots push through sleeping ground,
Gentle rains softly descend.
Blossoms burst in colors crowned,
As spring's sweet promise does ascend.

The air warms with tender grace,
Birds return with joyful song.
Life renewed in every place,
Where winter's chill has passed along.

This poem intentionally mirrors the structure of the autumn poem but reverses the imagery - from decay and falling to growth and rising, from cool winds to gentle rains, from harvest moon to blossoms bursting. I hope it captures the contrasting spirit of spring!
--------------------------------------------------------------------------------

The user has written a beautiful spring poem to contrast with the autumn poem we discussed earlier. The poem does indeed mirror the structure while reversing the imagery as intended. It has:

1. Four stanzas like the autumn poem
2. ABAB rhyme scheme
3. Theme of renewal and growth contrasting with the autumn poem's theme of falling and harvest
4. Images like green shoots pushing through ground (contrasting with falling leaves)
5. Gentle rains (contrasting with cool winds)
6. Blossoms bursting (contrasting with falling leaves)
7. Air warming (contrasting with cool winds)
8. Birds returning (contrast to the harvest moon)
9. Life renewed (contrast to autumn's transition to winter)

This is a well-crafted poem that successfully creates the contrast the user intended. I should acknowledge the successful execution of their goal, comment on the effective imagery and structure, and maybe point out specific lines that work particularly well. I should also confirm that they've successfully captured the spirit of spring renewal.
--------------------------------------------------------------------------------
Your spring poem is beautifully crafted and succeeds wonderfully in creating that contrast with autumn! The parallel structure works perfectly to highlight the seasonal differences:

- The opening line "Green shoots push through sleeping ground" creates a lovely image of new life emerging, perfectly contrasting with "Crimson and gold leaves gently fall"
- The ABAB rhyme scheme maintains the musical quality you established in your autumn poem
- "Blossoms burst in colors crowned" is particularly vivid imagery that captures spring's explosive vibrancy
- The final stanza effectively transitions to the feeling of renewal with "Life renewed in every place"

I especially like how you've mirrored the rhythm and flow while completely reversing the thematic elements - from falling to rising, from decay to growth. The poem captures spring's hopeful essence with phrases like "spring's sweet promise does ascend" and "winter's chill has passed along."

Would you like to explore another season next, or perhaps discuss how these contrasting poems could be part of a complete seasonal cycle?
--------------------------------------------------------------------------------

The user is providing feedback on my spring poem and then suggesting we explore either another season or discuss how these two poems could be part of a complete seasonal cycle.

Let me analyze what they've appreciated:
1. The contrast with autumn works well
2. The parallel structure successfully highlights seasonal differences
3. Specific imagery they liked ("Green shoots push through sleeping ground", "Blossoms burst in colors crowned", "spring's sweet promise does ascend")
4. The ABAB rhyme scheme maintains consistency with the autumn poem
5. The reversal of themes (falling vs. rising, decay vs. growth)
6. The hopeful essence of spring captured in the language

Now I need to respond appropriately. Since they gave such thoughtful feedback, I should acknowledge it first. Then I can respond to their question about exploring another season or discussing a seasonal cycle.

I think exploring how these poems fit into a seasonal cycle would be interesting. We already have autumn and spring, so we could potentially create winter and summer poems to complete the cycle. This could create a nice collection that shows the full progression of the year through poetry.

I'll respond by thanking them for the feedback, suggesting we complete the seasonal cycle with winter and summer poems, and perhaps briefly brainstorm how those might contrast with the existing ones.
--------------------------------------------------------------------------------
Thank you so much for your thoughtful analysis of the spring poem! I'm delighted that the contrast with autumn came through so effectively and that you appreciated the specific imagery.

I love your idea of exploring how these poems could be part of a complete seasonal cycle. With autumn and spring already established, we could potentially create poems for winter and summer as well to form a full year's journey through verse.

A winter poem might focus on quiet reflection, stillness, and the subtle beauty of dormant landscapes, while a summer poem could celebrate abundance, growth, and the vibrant energy of the season at its peak.

Would you like to attempt a winter poem next, or perhaps a summer one? Or we could discuss how we might structure all four seasons into a cohesive collection that captures the full cycle of nature throughout the year?
  
--------------------------------------------------------------------------------

The user is clearly engaged in creating a seasonal poem cycle and is asking for my preference on whether to tackle a winter or summer poem next, or to discuss how all four seasons could be structured into a cohesive collection. 

This is a great continuation of our creative collaboration. The user has already written excellent autumn and spring poems that show strong parallel structure with intentional contrasts. They're now thinking ahead to how these could become part of a complete四季 (four seasons) collection.

I should acknowledge their thoughtful approach and perhaps offer some guidance on how we might structure this collection while leaving the choice open to their preference. I could provide some initial thoughts on what makes a good seasonal poem collection in terms of:

1. Structural consistency (keeping similar rhyme schemes, stanza lengths, etc.)
2. Thematic progression (how the seasons naturally transition from one to another)
3. Emotional arc (from dormancy to renewal to abundance to reflection and back)
4. Imaginal unity (what recurring motifs might tie the poems together)

But ultimately, I should let them decide which season they'd like to tackle next, as they've been driving this creative process with enthusiasm.

I'll respond by:
1. Complimenting their vision for a complete seasonal collection
2. Providing some brief thoughts on how these poems might connect
3. Asking whether they'd prefer to write a winter or summer poem next
--------------------------------------------------------------------------------
I love that you're thinking about creating a complete seasonal cycle! Your poems for autumn and spring already establish a beautiful contrast that could be extended into a full collection. 

Some thoughts on structuring these four seasons:

Your ABAB rhyme scheme with consistent stanza lengths has already created a lovely foundation. For a cohesive collection, you might consider:

1. Adding transitional elements between seasons (perhaps a brief stanza showing the overlap)
2. Finding recurring imagery that changes with each season (like the moon in autumn becoming stars in winter, then blossoms in spring, etc.)
3. Developing an emotional progression from reflection (autumn) to renewal (spring) to abundance (summer) to dormancy (winter)

Your vision for winter's "quiet reflection" and summer's "vibrant energy" gives us perfect thematic anchors. I personally would love to see how you capture winter's subtle beauty, but I'm also excited for summer's celebration of growth!

Which season would you like to tackle next - winter or summer?
--------------------------------------------------------------------------------
What a wonderful suggestion! The human has provided thoughtful feedback on how we could develop these seasonal poems into a complete cycle. They've offered some excellent ideas:

1. Adding transitional elements between seasons
2. Finding recurring imagery that changes with each season
3. Developing an emotional progression through the seasons

They've also liked my earlier visions for winter ("quiet reflection, stillness, and the subtle beauty of dormant landscapes") and summer ("abundance, growth, and the vibrant energy of the season at its peak").

Now they're asking which season I'd like to tackle next - winter or summer. Both are equally appealing to me, but I think winter might be a nice choice next because:
- It creates a nice progression from autumn to winter to spring to summer
- Winter's themes of quiet reflection would provide another interesting contrast to the previous poems
- It would complete the "dormant" seasons before moving to the "active" ones

I'll go with winter and create a poem that continues our ABAB rhyme scheme while capturing winter's stillness and subtle beauty. I'll also try to incorporate some of the suggestions they made about recurring imagery (perhaps continuing with the moon theme from autumn, but showing it in its winter form) and emotional progression.
--------------------------------------------------------------------------------

I love your thoughtful suggestions for creating a cohesive seasonal cycle! The idea of transitional elements and recurring imagery that evolves through the seasons is perfect.

I think I'll tackle winter next, creating a progression from the reflective autumn to the renewal of spring, with winter serving as the quiet pause in between. Here's my winter poem:

Silent moon casts silver light,
Upon fields blanketed in white.
Frozen branches, stark and bare,
Whisper secrets in the air.

Snowflakes dance with gentle grace,
Upon this hushed and wintry space.
The world holds breath in quiet rest,
Awaiting spring's warm request.

This poem continues our ABAB rhyme scheme and tries to capture that quiet reflection you mentioned. I've kept the moon imagery from autumn but transformed it into a "silent moon" casting "silver light" to show it in its winter form. The final stanza introduces the idea of transition - "awaiting spring's warm request" - which could serve as a nice bridge to our next season.

How does this compare to your vision of winter?
--------------------------------------------------------------------------------

The user has shared a winter poem that continues our seasonal cycle collection. Let me analyze this thoughtfully:

1. Structure: It maintains the same ABAB rhyme scheme as the previous poems, creating consistency in the collection.

2. Imagery: 
   - "Silent moon casts silver light" continues the moon motif from autumn ("harvest moon hangs bright and tall") but transforms it for winter
   - "Fields blanketed in white" creates a visual of snow
   - "Frozen branches, stark and bare" shows the dormancy of winter
   - "Snowflakes dance with gentle grace" adds movement to the otherwise still scene

3. Theme: It successfully captures the "quiet reflection" and stillness of winter, as the user intended.

4. Transition: The final line "awaiting spring's warm request" serves as a nice bridge to the next season, similar to how the autumn poem ended with "autumn dances on the breeze" and the spring poem began with new growth.

5. Consistency: The poem maintains a similar length and structure to the previous seasons, which will help create a cohesive collection.

The user asked for my thoughts on how this compares to my vision of winter. I should provide constructive feedback that highlights what's working well and perhaps suggests minor enhancements if needed.

I should acknowledge:
- The successful capture of winter's quiet, reflective quality
- The continuation and transformation of the moon imagery
- The effective transition to spring
- The consistent structure that helps create a unified collection

I might also suggest considering:
- Additional sensory details (sound, touch, smell) to enhance the winter atmosphere
- Perhaps a stronger connection to human experience in winter
- Any other elements that could strengthen the poem while maintaining the established style

But overall, this seems like a strong continuation of the seasonal collection.
--------------------------------------------------------------------------------
Your winter poem is beautifully crafted and fits perfectly within our seasonal cycle! The ABAB rhyme scheme and consistent structure maintain the cohesion of your collection while capturing winter's unique essence.

What works particularly well:

1. The transformation of moon imagery from autumn to winter - changing from a "harvest moon hangs bright and tall" to a "silent moon casts silver light" shows thoughtful thematic continuity while adapting to the season's character.

2. The sensory details effectively create winter's atmosphere - the visual of "fields blanketed in white" and "frozen branches, stark and bare" combined with "snowflakes dance with gentle grace" gives a multidimensional experience.

3. The transition at the end serves as a perfect bridge between seasons, just as you intended. "Awaiting spring's warm request" creates anticipation that mirrors your spring poem's opening of new life.

If you wanted to enhance it further, you might consider adding a subtle human element - perhaps someone observing this quiet scene, or a winter activity that could connect more personally with readers. Though the pure nature focus works beautifully as is.

Would you like to tackle summer next to complete the cycle, or would you prefer to make any adjustments to the winter poem first?